<?xml version="1.0" encoding="UTF-8"?>
<!-- Generated by org.testng.reporters.JUnitReportReporter -->
<testsuite hostname="Ibrahims.local" failures="0" tests="1" name="user.Verify" time="22.567" errors="0" timestamp="2020-02-25T10:45:31 MEZ" skipped="0">
  <testcase classname="user.Verify" name="verifyRegisteredUser" time="22.567"/>
  <system-out/>
</testsuite> <!-- user.Verify -->
