<?xml version="1.0" encoding="UTF-8"?>
<!-- Generated by org.testng.reporters.JUnitReportReporter -->
<testsuite hostname="Ibrahims.local" failures="0" tests="1" name="dockerTests.DockerTest" time="13.191" errors="0" timestamp="2020-02-25T10:33:57 MEZ" skipped="0">
  <testcase classname="dockerTests.DockerTest" name="dockerTest" time="13.191"/>
  <system-out/>
</testsuite> <!-- dockerTests.DockerTest -->
