<?xml version="1.0" encoding="UTF-8"?>
<!-- Generated by org.testng.reporters.JUnitReportReporter -->
<testsuite hostname="DESKTOP-THL8LSI" failures="0" tests="3" name="MulLogin" time="0.853" errors="0" timestamp="2019-08-20T14:17:39 MESZ" skipped="0">
  <testcase classname="MulLogin" name="login" time="0.298"/>
  <testcase classname="MulLogin" name="login" time="0.289"/>
  <testcase classname="MulLogin" name="login" time="0.266"/>
</testsuite> <!-- MulLogin -->
