<?xml version="1.0" encoding="UTF-8"?>
<!-- Generated by org.testng.reporters.JUnitReportReporter -->
<testsuite hostname="Ibrahims.local" failures="0" tests="1" name="user.MulRegister" time="27.405" errors="0" timestamp="2020-02-21T16:18:35 MEZ" skipped="0">
  <testcase classname="user.MulRegister" name="register" time="27.405"/>
  <system-out/>
</testsuite> <!-- user.MulRegister -->
