<?xml version="1.0" encoding="UTF-8"?>
<!-- Generated by org.testng.reporters.JUnitReportReporter -->
<testsuite hostname="Ibrahims.local" failures="0" tests="1" name="user.MulRegister" time="31.191" errors="0" timestamp="2020-02-24T11:40:24 MEZ" skipped="0">
  <testcase classname="user.MulRegister" name="register" time="31.191"/>
  <system-out/>
</testsuite> <!-- user.MulRegister -->
