<?xml version="1.0" encoding="UTF-8"?>
<!-- Generated by org.testng.reporters.JUnitReportReporter -->
<testsuite hostname="Ibrahims.local" failures="0" tests="1" name="user.MulRegister" time="29.543" errors="0" timestamp="2020-02-25T11:01:12 MEZ" skipped="0">
  <testcase classname="user.MulRegister" name="register" time="29.543"/>
  <system-out/>
</testsuite> <!-- user.MulRegister -->
