<?xml version="1.0" encoding="UTF-8"?>
<!-- Generated by org.testng.reporters.JUnitReportReporter -->
<testsuite hostname="Ibrahims.local" failures="0" tests="1" name="dockerTests.DockerTest2" time="12.495" errors="0" timestamp="2020-02-24T14:07:13 MEZ" skipped="0">
  <testcase classname="dockerTests.DockerTest2" name="dockerTest" time="12.495"/>
  <system-out/>
</testsuite> <!-- dockerTests.DockerTest2 -->
