<?xml version="1.0" encoding="UTF-8"?>
<!-- Generated by org.testng.reporters.JUnitReportReporter -->
<testsuite hostname="Ibrahims.local" failures="0" tests="1" name="dockerTests.DockerTest4" time="22.345" errors="0" timestamp="2020-02-24T14:19:04 MEZ" skipped="0">
  <testcase classname="dockerTests.DockerTest4" name="dockerTest" time="22.345"/>
  <system-out/>
</testsuite> <!-- dockerTests.DockerTest4 -->
